{
  "stats": {
    "suites": 1,
    "tests": 5,
    "passes": 5,
    "pending": 0,
    "failures": 0,
    "start": "2023-05-15T23:44:30.587Z",
    "end": "2023-05-15T23:44:34.824Z",
    "duration": 4237,
    "testsRegistered": 5,
    "passPercent": 100,
    "pendingPercent": 0,
    "other": 0,
    "hasOther": false,
    "skipped": 0,
    "hasSkipped": false
  },
  "results": [
    {
      "uuid": "230ac1b0-dc5a-4678-bce8-a385b297943f",
      "title": "",
      "fullFile": "cypress\\e2e\\test-task.cy.js",
      "file": "cypress\\e2e\\test-task.cy.js",
      "beforeHooks": [],
      "afterHooks": [],
      "tests": [],
      "suites": [
        {
          "uuid": "30771230-2bb2-4890-bcb5-46ff10ee6373",
          "title": "Todo page - check action elements",
          "fullFile": "",
          "file": "",
          "beforeHooks": [],
          "afterHooks": [],
          "tests": [
            {
              "title": "Check default visible elements ",
              "fullTitle": "Todo page - check action elements Check default visible elements ",
              "timedOut": null,
              "duration": 1515,
              "state": "passed",
              "speed": "fast",
              "pass": true,
              "fail": false,
              "pending": false,
              "context": null,
              "code": "cy.visit('../page-in-test/index.html');\ncy.url().should('include', 'page-in-test/index.html');\n_todoPage.toDoPage.toDoInput.should('be.visible');\n_todoPage.toDoPage.addButton.should('be.visible');\n_todoPage.toDoPage.allFilter.should('be.visible');\n_todoPage.toDoPage.pendingFilter.should('be.visible');\n_todoPage.toDoPage.completedFilter.should('be.visible');\n_todoPage.toDoPage.clearButtonInactive.should('be.visible');\n_todoPage.toDoPage.notAvailableToDoTask.should('be.visible');",
              "err": {},
              "uuid": "eedd22fb-015c-4ce8-9617-b38199ec7e4b",
              "parentUUID": "30771230-2bb2-4890-bcb5-46ff10ee6373",
              "isHook": false,
              "skipped": false
            },
            {
              "title": "Add task",
              "fullTitle": "Todo page - check action elements Add task",
              "timedOut": null,
              "duration": 390,
              "state": "passed",
              "speed": "fast",
              "pass": true,
              "fail": false,
              "pending": false,
              "context": null,
              "code": "_todoPage.toDoPage.addNewTask(testInfo.itemToAdd);\ncy.contains(testInfo.itemToAdd).should('be.visible');",
              "err": {},
              "uuid": "357b1060-b667-417f-a3b9-363723e726ab",
              "parentUUID": "30771230-2bb2-4890-bcb5-46ff10ee6373",
              "isHook": false,
              "skipped": false
            },
            {
              "title": "Edit task",
              "fullTitle": "Todo page - check action elements Edit task",
              "timedOut": null,
              "duration": 1045,
              "state": "passed",
              "speed": "fast",
              "pass": true,
              "fail": false,
              "pending": false,
              "context": null,
              "code": "_todoPage.toDoPage.addNewTask(testInfo.itemToAdd);\n_todoPage.toDoPage.editTask(testInfo.itemToEdit);\ncy.contains(testInfo.itemToEdit).should('be.visible');",
              "err": {},
              "uuid": "02e8ddd7-9774-4102-a2ab-4c4f24a4734c",
              "parentUUID": "30771230-2bb2-4890-bcb5-46ff10ee6373",
              "isHook": false,
              "skipped": false
            },
            {
              "title": "Delete task",
              "fullTitle": "Todo page - check action elements Delete task",
              "timedOut": null,
              "duration": 708,
              "state": "passed",
              "speed": "fast",
              "pass": true,
              "fail": false,
              "pending": false,
              "context": null,
              "code": "_todoPage.toDoPage.addNewTask(testInfo.itemToAdd);\n_todoPage.toDoPage.deleteTask(testInfo.itemToEdit);\n_todoPage.toDoPage.notAvailableToDoTask.should('be.visible');",
              "err": {},
              "uuid": "85ce3689-a281-46fd-8198-14fcb0a39199",
              "parentUUID": "30771230-2bb2-4890-bcb5-46ff10ee6373",
              "isHook": false,
              "skipped": false
            },
            {
              "title": "Mark task as completed",
              "fullTitle": "Todo page - check action elements Mark task as completed",
              "timedOut": null,
              "duration": 535,
              "state": "passed",
              "speed": "fast",
              "pass": true,
              "fail": false,
              "pending": false,
              "context": null,
              "code": "_todoPage.toDoPage.addNewTask(testInfo.itemToAdd);\n_todoPage.toDoPage.toDoCheckBox.click(); // set check box to complete task\n_todoPage.toDoPage.completedFilter.click();\ncy.contains(testInfo.itemToAdd).should('be.visible'); // find completed task with 'completed' filter",
              "err": {},
              "uuid": "366edca9-0eaf-45e6-8ead-346b4919f1f8",
              "parentUUID": "30771230-2bb2-4890-bcb5-46ff10ee6373",
              "isHook": false,
              "skipped": false
            }
          ],
          "suites": [],
          "passes": [
            "eedd22fb-015c-4ce8-9617-b38199ec7e4b",
            "357b1060-b667-417f-a3b9-363723e726ab",
            "02e8ddd7-9774-4102-a2ab-4c4f24a4734c",
            "85ce3689-a281-46fd-8198-14fcb0a39199",
            "366edca9-0eaf-45e6-8ead-346b4919f1f8"
          ],
          "failures": [],
          "pending": [],
          "skipped": [],
          "duration": 4193,
          "root": false,
          "rootEmpty": false,
          "_timeout": 2000
        }
      ],
      "passes": [],
      "failures": [],
      "pending": [],
      "skipped": [],
      "duration": 0,
      "root": true,
      "rootEmpty": true,
      "_timeout": 2000
    }
  ],
  "meta": {
    "mocha": {
      "version": "7.0.1"
    },
    "mochawesome": {
      "options": {
        "quiet": false,
        "reportFilename": "mochawesome",
        "saveHtml": false,
        "saveJson": true,
        "consoleReporter": "spec",
        "useInlineDiffs": false,
        "code": true
      },
      "version": "7.1.3"
    },
    "marge": {
      "options": {
        "reportDir": "cypress/reports",
        "overwrite": false,
        "html": "g",
        "json": true
      },
      "version": "6.2.0"
    }
  }
}